  dllmain.cpp
  FN_Basic.cpp
  FN_CoreUObject_functions.cpp
  FN_Engine_functions.cpp
  FN_FortniteGame_functions.cpp
C:\Users\jaizp\Downloads\sul\Sulfur\SDK\FN_Basic.hpp(290,1): warning C4267: '=': conversion from 'size_t' to 'int32_t', possible loss of data (compiling source file SDK\FN_FortniteGame_functions.cpp)
C:\Users\jaizp\Downloads\sul\Sulfur\SDK\FN_Basic.hpp(290,1): warning C4267: '=': conversion from 'size_t' to 'int32_t', possible loss of data (compiling source file SDK\FN_Basic.cpp)
C:\Users\jaizp\Downloads\sul\Sulfur\SDK\FN_Basic.hpp(290,1): warning C4267: '=': conversion from 'size_t' to 'int32_t', possible loss of data (compiling source file SDK\FN_Engine_functions.cpp)
C:\Users\jaizp\Downloads\sul\Sulfur\SDK\FN_Basic.hpp(290,1): warning C4267: '=': conversion from 'size_t' to 'int32_t', possible loss of data (compiling source file SDK\FN_CoreUObject_functions.cpp)
C:\Users\jaizp\Downloads\sul\Sulfur\SDK\FN_Basic.hpp(290,1): warning C4267: '=': conversion from 'size_t' to 'int32_t', possible loss of data (compiling source file dllmain.cpp)
C:\Users\jaizp\Downloads\sul\Sulfur\Replicator.h(344,22): warning C4244: 'argument': conversion from 'float' to 'const int', possible loss of data (compiling source file dllmain.cpp)
C:\Users\jaizp\Downloads\sul\Sulfur\Replicator.h(344,44): warning C4244: 'argument': conversion from 'float' to 'const int', possible loss of data (compiling source file dllmain.cpp)
C:\Users\jaizp\Downloads\sul\Sulfur\Replicator.h(344,66): warning C4244: 'argument': conversion from 'float' to 'const int', possible loss of data (compiling source file dllmain.cpp)
C:\Users\jaizp\Downloads\sul\Sulfur\Replicator.h(349,21): warning C4804: '<': unsafe use of type 'bool' in operation (compiling source file dllmain.cpp)
C:\Users\jaizp\Downloads\sul\Sulfur\Hooks.h(37,32): error C2039: 'Tick': is not a member of 'Replicator' (compiling source file dllmain.cpp)
C:\Users\jaizp\Downloads\sul\Sulfur\Replicator.h(156): message : see declaration of 'Replicator' (compiling source file dllmain.cpp)
C:\Users\jaizp\Downloads\sul\Sulfur\Hooks.h(48,18): error C2039: 'InitOffsets': is not a member of 'Replicator' (compiling source file dllmain.cpp)
C:\Users\jaizp\Downloads\sul\Sulfur\Replicator.h(156): message : see declaration of 'Replicator' (compiling source file dllmain.cpp)
C:\Users\jaizp\Downloads\sul\Sulfur\Hooks.h(48,29): error C3861: 'InitOffsets': identifier not found (compiling source file dllmain.cpp)
C:\Users\jaizp\Downloads\sul\Sulfur\Hooks.h(69,31): error C2039: 'Replicate': is not a member of 'Replicator' (compiling source file dllmain.cpp)
C:\Users\jaizp\Downloads\sul\Sulfur\Replicator.h(156): message : see declaration of 'Replicator' (compiling source file dllmain.cpp)
C:\Users\jaizp\Downloads\sul\Sulfur\Hooks.h(86,31): error C2039: 'Replicate': is not a member of 'Replicator' (compiling source file dllmain.cpp)
C:\Users\jaizp\Downloads\sul\Sulfur\Replicator.h(156): message : see declaration of 'Replicator' (compiling source file dllmain.cpp)
C:\Users\jaizp\Downloads\sul\Sulfur\Hooks.h(103,31): error C2039: 'Replicate': is not a member of 'Replicator' (compiling source file dllmain.cpp)
C:\Users\jaizp\Downloads\sul\Sulfur\Replicator.h(156): message : see declaration of 'Replicator' (compiling source file dllmain.cpp)
C:\Users\jaizp\Downloads\sul\Sulfur\Hooks.h(120,31): error C2039: 'Replicate': is not a member of 'Replicator' (compiling source file dllmain.cpp)
C:\Users\jaizp\Downloads\sul\Sulfur\Replicator.h(156): message : see declaration of 'Replicator' (compiling source file dllmain.cpp)
C:\Users\jaizp\Downloads\sul\Sulfur\Hooks.h(137,31): error C2039: 'Replicate': is not a member of 'Replicator' (compiling source file dllmain.cpp)
C:\Users\jaizp\Downloads\sul\Sulfur\Replicator.h(156): message : see declaration of 'Replicator' (compiling source file dllmain.cpp)
C:\Users\jaizp\Downloads\sul\Sulfur\Hooks.h(154,31): error C2039: 'Replicate': is not a member of 'Replicator' (compiling source file dllmain.cpp)
C:\Users\jaizp\Downloads\sul\Sulfur\Replicator.h(156): message : see declaration of 'Replicator' (compiling source file dllmain.cpp)
C:\Users\jaizp\Downloads\sul\Sulfur\Hooks.h(171,31): error C2039: 'Replicate': is not a member of 'Replicator' (compiling source file dllmain.cpp)
C:\Users\jaizp\Downloads\sul\Sulfur\Replicator.h(156): message : see declaration of 'Replicator' (compiling source file dllmain.cpp)
C:\Users\jaizp\Downloads\sul\Sulfur\Hooks.h(196,42): error C2653: 'AFortHLODSMActor': is not a class or namespace name (compiling source file dllmain.cpp)
C:\Users\jaizp\Downloads\sul\Sulfur\Hooks.h(196,60): error C3861: 'StaticClass': identifier not found (compiling source file dllmain.cpp)
C:\Users\jaizp\Downloads\sul\Sulfur\Hooks.h(215,13): error C2039: 'PlayerPawn': is not a member of 'Globals' (compiling source file dllmain.cpp)
C:\Users\jaizp\Downloads\sul\Sulfur\Globals.h(5): message : see declaration of 'Globals' (compiling source file dllmain.cpp)
C:\Users\jaizp\Downloads\sul\Sulfur\Hooks.h(215,24): error C2065: 'PlayerPawn': undeclared identifier (compiling source file dllmain.cpp)
C:\Users\jaizp\Downloads\sul\Sulfur\Hooks.h(220,34): error C2039: 'PlayerPawn': is not a member of 'Globals' (compiling source file dllmain.cpp)
C:\Users\jaizp\Downloads\sul\Sulfur\Globals.h(5): message : see declaration of 'Globals' (compiling source file dllmain.cpp)
C:\Users\jaizp\Downloads\sul\Sulfur\Hooks.h(220,44): error C2065: 'PlayerPawn': undeclared identifier (compiling source file dllmain.cpp)
C:\Users\jaizp\Downloads\sul\Sulfur\Hooks.h(222,13): error C2039: 'PlayerPawn': is not a member of 'Globals' (compiling source file dllmain.cpp)
C:\Users\jaizp\Downloads\sul\Sulfur\Globals.h(5): message : see declaration of 'Globals' (compiling source file dllmain.cpp)
C:\Users\jaizp\Downloads\sul\Sulfur\Hooks.h(222,23): error C2065: 'PlayerPawn': undeclared identifier (compiling source file dllmain.cpp)
